[INFO] 23:05:16:841 KERNEL/(9535:9535): [KERNEL] listo para escuchar
[INFO] 23:48:05:160 KERNEL/(13295:13295): [KERNEL] listo para escuchar
[INFO] 23:48:05:161 KERNEL/(13295:13295): [DISPATCH] CONECTADO a CPU
[INFO] 23:48:05:162 KERNEL/(13295:13295): [INTERRUPT] CONECTADO a CPU
[INFO] 23:48:05:162 KERNEL/(13295:13295): CONECTADO a MEMORIA
[INFO] 23:48:05:162 KERNEL/(13295:13295): [KERNEL] esperando conexion de ENTRADA/SALIDA...
[INFO] 00:16:30:784 KERNEL/(14743:14743): [KERNEL] listo para escuchar
[INFO] 00:16:30:785 KERNEL/(14743:14743): [DISPATCH] CONECTADO a CPU
[INFO] 00:16:30:785 KERNEL/(14743:14743): [INTERRUPT] CONECTADO a CPU
[INFO] 00:16:30:786 KERNEL/(14743:14743): CONECTADO a MEMORIA
[INFO] 00:16:30:786 KERNEL/(14743:14743): [KERNEL] esperando conexion de ENTRADA/SALIDA...
[INFO] 01:49:51:285 KERNEL/(17224:17224): [KERNEL] listo para escuchar
[INFO] 01:49:51:286 KERNEL/(17224:17224): Error al conectarse a CPU DISPATCH
[INFO] 01:49:51:286 KERNEL/(17224:17224): El servidor: CPU DISPATCH, rechazó la conexión

[INFO] 01:52:07:277 KERNEL/(17595:17595): [KERNEL] listo para escuchar
[INFO] 01:52:07:321 KERNEL/(17595:17595): Error al conectarse a CPU DISPATCH
[INFO] 01:52:07:321 KERNEL/(17595:17595): El servidor [CPU DISPATCH] rechazó la conexión

[INFO] 01:54:15:725 KERNEL/(17886:17886): [KERNEL] listo para escuchar
[INFO] 01:54:15:727 KERNEL/(17886:17886): Error al conectarse a CPU DISPATCH
[INFO] 01:54:15:728 KERNEL/(17886:17886): El servidor [CPU DISPATCH] rechazó la conexión

[INFO] 01:55:03:067 KERNEL/(18152:18152): [KERNEL] listo para escuchar
[INFO] 01:55:03:068 KERNEL/(18152:18152): Error al conectarse a CPU DISPATCH
[INFO] 01:55:03:068 KERNEL/(18152:18152): El servidor [CPU DISPATCH] rechazó la conexión

[INFO] 01:59:51:638 KERNEL/(18694:18694): [KERNEL] listo para escuchar
[INFO] 01:59:51:639 KERNEL/(18694:18694): Error al conectarse a CPU DISPATCH
[INFO] 01:59:51:639 KERNEL/(18694:18694): El servidor [CPU DISPATCH] rechazó la conexión

[INFO] 02:03:58:191 KERNEL/(19208:19208): [KERNEL] listo para escuchar
[ERROR] 02:03:58:193 KERNEL/(19208:19208): Error al conectarse a CPU DISPATCH
[INFO] 02:03:58:193 KERNEL/(19208:19208): El servidor [CPU DISPATCH] rechazó la conexión

